<?xml version="1.0" encoding="UTF-8"?>
<testsuite xmlns:xsi="http://www.w3.org/2001/XMLSchema-instance" xsi:schemaLocation="https://maven.apache.org/surefire/maven-surefire-plugin/xsd/surefire-test-report.xsd" name=" vn.com.shensmartcity.selenium.welcome.HelloIT" time="0.11" tests="1" errors="1" skipped="0" failures="0">
  <properties>
    <property name="java.runtime.name" value="OpenJDK Runtime Environment"/>
    <property name="java.vm.version" value="11.0.4+11-LTS"/>
    <property name="sun.boot.library.path" value="C:\Program Files\Amazon Corretto\jdk11.0.4_10\bin"/>
    <property name="maven.multiModuleProjectDirectory" value="D:\Projects\shen\shensmartcity"/>
    <property name="java.vm.vendor" value="Amazon.com Inc."/>
    <property name="java.vendor.url" value="https://aws.amazon.com/corretto/"/>
    <property name="java.rmi.server.randomIDs" value="true"/>
    <property name="guice.disable.misplaced.annotation.check" value="true"/>
    <property name="path.separator" value=";"/>
    <property name="java.vm.name" value="OpenJDK 64-Bit Server VM"/>
    <property name="sun.os.patch.level" value="Service Pack 1"/>
    <property name="user.script" value=""/>
    <property name="user.country" value="US"/>
    <property name="sun.java.launcher" value="SUN_STANDARD"/>
    <property name="java.vm.specification.name" value="Java Virtual Machine Specification"/>
    <property name="user.dir" value="D:\Projects\shen\shensmartcity"/>
    <property name="java.vm.compressedOopsMode" value="32-bit"/>
    <property name="java.runtime.version" value="11.0.4+11-LTS"/>
    <property name="java.awt.graphicsenv" value="sun.awt.Win32GraphicsEnvironment"/>
    <property name="os.arch" value="amd64"/>
    <property name="java.io.tmpdir" value="C:\Users\HungNV81\AppData\Local\Temp\"/>
    <property name="line.separator" value="&#10;"/>
    <property name="java.vm.specification.vendor" value="Oracle Corporation"/>
    <property name="user.variant" value=""/>
    <property name="os.name" value="Windows 7"/>
    <property name="classworlds.conf" value="D:\Projects\shen\.metadata\.plugins\org.eclipse.m2e.launching\launches\m2conf2348600694295315644.tmp"/>
    <property name="jansi.force" value="true"/>
    <property name="sun.jnu.encoding" value="Cp1252"/>
    <property name="java.library.path" value="C:\Program Files\Amazon Corretto\jdk11.0.4_10\bin;C:\Windows\Sun\Java\bin;C:\Windows\system32;C:\Windows;C:/Program Files/Java/jre1.8.0_201/bin/server;C:/Program Files/Java/jre1.8.0_201/bin;C:/Program Files/Java/jre1.8.0_201/lib/amd64;C:\Program Files (x86)\NetSarang\Xshell 6\;C:\Program Files (x86)\Common Files\Oracle\Java\javapath;C:\Windows\system32;C:\Windows;C:\Windows\System32\Wbem;C:\Windows\System32\WindowsPowerShell\v1.0\;C:\Program Files\nodejs\;C:\Program Files\MongoDB\Server\4.0\bin;C:\Program Files\Microsoft VS Code\bin;C:\Program Files\TortoiseSVN\bin;D:\Projects\ert-shen\03.Developments\Source\apache-maven-3.6.3\bin;D:\Coppy D\App\sts-4.3.2.RELEASE;;."/>
    <property name="jansi.passthrough" value="true"/>
    <property name="jdk.debug" value="release"/>
    <property name="java.class.version" value="55.0"/>
    <property name="java.specification.name" value="Java Platform API Specification"/>
    <property name="sun.management.compiler" value="HotSpot 64-Bit Tiered Compilers"/>
    <property name="os.version" value="6.1"/>
    <property name="user.home" value="C:\Users\HungNV81"/>
    <property name="user.timezone" value="Asia/Bangkok"/>
    <property name="java.awt.printerjob" value="sun.awt.windows.WPrinterJob"/>
    <property name="file.encoding" value="Cp1252"/>
    <property name="java.specification.version" value="11"/>
    <property name="user.name" value="HungNV81"/>
    <property name="java.class.path" value="D:\Coppy D\App\sts-4.3.2.RELEASE\plugins\org.eclipse.m2e.maven.runtime_1.12.0.20190628-1133\jars\plexus-classworlds-2.6.0.jar"/>
    <property name="java.vm.specification.version" value="11"/>
    <property name="sun.arch.data.model" value="64"/>
    <property name="sun.java.command" value="org.codehaus.plexus.classworlds.launcher.Launcher -B install -Dstyle.color=always"/>
    <property name="java.home" value="C:\Program Files\Amazon Corretto\jdk11.0.4_10"/>
    <property name="user.language" value="en"/>
    <property name="java.specification.vendor" value="Oracle Corporation"/>
    <property name="awt.toolkit" value="sun.awt.windows.WToolkit"/>
    <property name="java.vm.info" value="mixed mode"/>
    <property name="java.version" value="11.0.4"/>
    <property name="java.vendor" value="Amazon.com Inc."/>
    <property name="maven.home" value="D:\Projects\shen\shensmartcity\EMBEDDED"/>
    <property name="style.color" value="always"/>
    <property name="file.separator" value="\"/>
    <property name="java.version.date" value="2019-07-16"/>
    <property name="java.vendor.url.bug" value="https://github.com/corretto/corretto-11/issues/"/>
    <property name="sun.io.unicode.encoding" value="UnicodeLittle"/>
    <property name="sun.cpu.endian" value="little"/>
    <property name="java.vendor.version" value="Corretto-11.0.4.11.1"/>
    <property name="sun.desktop" value="windows"/>
    <property name="sun.cpu.isalist" value="amd64"/>
  </properties>
  <testcase name="testHelloWorld" classname=" vn.com.shensmartcity.selenium.welcome.HelloIT" time="0.008">
    <error message="Unresolved compilation problem: &#10;	The declared package &quot;vn.com.shensmartcity.selenium.welcome&quot; does not match the expected package &quot; vn.com.shensmartcity.selenium.welcome&quot;&#10;" type="java.lang.Error"><![CDATA[java.lang.Error: 
Unresolved compilation problem: 
	The declared package "vn.com.shensmartcity.selenium.welcome" does not match the expected package " vn.com.shensmartcity.selenium.welcome"

	at  vn.com.shensmartcity.selenium.welcome.HelloIT.<init>(HelloIT.java:1)
]]></error>
    <system-out><![CDATA[16:16:54.708 [main] DEBUG org.springframework.test.context.junit4.SpringJUnit4ClassRunner - SpringJUnit4ClassRunner constructor called with [class  vn.com.shensmartcity.selenium.welcome.HelloIT]
16:16:54.766 [main] DEBUG org.springframework.test.context.BootstrapUtils - Instantiating CacheAwareContextLoaderDelegate from class [org.springframework.test.context.cache.DefaultCacheAwareContextLoaderDelegate]
16:16:54.865 [main] DEBUG org.springframework.test.context.BootstrapUtils - Instantiating BootstrapContext using constructor [public org.springframework.test.context.support.DefaultBootstrapContext(java.lang.Class,org.springframework.test.context.CacheAwareContextLoaderDelegate)]
16:16:54.939 [main] DEBUG org.springframework.test.context.BootstrapUtils - Instantiating TestContextBootstrapper for test class [ vn.com.shensmartcity.selenium.welcome.HelloIT] from class [org.springframework.test.context.support.DefaultTestContextBootstrapper]
16:16:55.257 [main] DEBUG org.springframework.test.context.support.AbstractDelegatingSmartContextLoader - Delegating to GenericXmlContextLoader to process context configuration [ContextConfigurationAttributes@3febb011 declaringClass = ' vn.com.shensmartcity.selenium.welcome.HelloIT', classes = '{}', locations = '{classpath:META-INF/spring/seleniumContext.xml}', inheritLocations = true, initializers = '{}', inheritInitializers = true, name = [null], contextLoaderClass = 'org.springframework.test.context.ContextLoader'].
16:16:55.556 [main] DEBUG org.springframework.test.context.support.ActiveProfilesUtils - Could not find an 'annotation declaring class' for annotation type [org.springframework.test.context.ActiveProfiles] and class [ vn.com.shensmartcity.selenium.welcome.HelloIT]
16:16:55.561 [main] DEBUG org.springframework.test.context.support.DefaultTestContextBootstrapper - @TestExecutionListeners is not present for class [ vn.com.shensmartcity.selenium.welcome.HelloIT]: using defaults.
16:16:55.564 [main] INFO org.springframework.test.context.support.DefaultTestContextBootstrapper - Loaded default TestExecutionListener class names from location [META-INF/spring.factories]: [org.springframework.test.context.web.ServletTestExecutionListener, org.springframework.test.context.support.DirtiesContextBeforeModesTestExecutionListener, org.springframework.test.context.support.DependencyInjectionTestExecutionListener, org.springframework.test.context.support.DirtiesContextTestExecutionListener, org.springframework.test.context.transaction.TransactionalTestExecutionListener, org.springframework.test.context.jdbc.SqlScriptsTestExecutionListener]
16:16:55.594 [main] DEBUG org.springframework.test.context.support.DefaultTestContextBootstrapper - Skipping candidate TestExecutionListener [org.springframework.test.context.web.ServletTestExecutionListener] due to a missing dependency. Specify custom listener classes or make the default listener classes and their required dependencies available. Offending class: [javax/servlet/ServletContext]
16:16:55.656 [main] INFO org.springframework.test.context.support.DefaultTestContextBootstrapper - Using TestExecutionListeners: [org.springframework.test.context.support.DirtiesContextBeforeModesTestExecutionListener@74e52ef6, org.springframework.test.context.support.DependencyInjectionTestExecutionListener@6ed3ccb2, org.springframework.test.context.support.DirtiesContextTestExecutionListener@1a677343, org.springframework.test.context.transaction.TransactionalTestExecutionListener@15de0b3c, org.springframework.test.context.jdbc.SqlScriptsTestExecutionListener@489115ef]
16:16:55.776 [main] DEBUG org.springframework.test.annotation.ProfileValueUtils - Retrieved @ProfileValueSourceConfiguration [null] for test class [ vn.com.shensmartcity.selenium.welcome.HelloIT]
16:16:55.787 [main] DEBUG org.springframework.test.annotation.ProfileValueUtils - Retrieved ProfileValueSource type [class org.springframework.test.annotation.SystemProfileValueSource] for class [ vn.com.shensmartcity.selenium.welcome.HelloIT]
16:16:55.834 [main] DEBUG org.springframework.test.context.junit4.SpringJUnit4ClassRunner - SpringJUnit4ClassRunner constructor called with [class  vn.com.shensmartcity.selenium.welcome.HelloIT]
16:16:55.835 [main] DEBUG org.springframework.test.context.BootstrapUtils - Instantiating CacheAwareContextLoaderDelegate from class [org.springframework.test.context.cache.DefaultCacheAwareContextLoaderDelegate]
16:16:55.836 [main] DEBUG org.springframework.test.context.BootstrapUtils - Instantiating BootstrapContext using constructor [public org.springframework.test.context.support.DefaultBootstrapContext(java.lang.Class,org.springframework.test.context.CacheAwareContextLoaderDelegate)]
16:16:55.837 [main] DEBUG org.springframework.test.context.BootstrapUtils - Instantiating TestContextBootstrapper for test class [ vn.com.shensmartcity.selenium.welcome.HelloIT] from class [org.springframework.test.context.support.DefaultTestContextBootstrapper]
16:16:55.843 [main] DEBUG org.springframework.test.context.support.AbstractDelegatingSmartContextLoader - Delegating to GenericXmlContextLoader to process context configuration [ContextConfigurationAttributes@247bddad declaringClass = ' vn.com.shensmartcity.selenium.welcome.HelloIT', classes = '{}', locations = '{classpath:META-INF/spring/seleniumContext.xml}', inheritLocations = true, initializers = '{}', inheritInitializers = true, name = [null], contextLoaderClass = 'org.springframework.test.context.ContextLoader'].
16:16:55.845 [main] DEBUG org.springframework.test.context.support.ActiveProfilesUtils - Could not find an 'annotation declaring class' for annotation type [org.springframework.test.context.ActiveProfiles] and class [ vn.com.shensmartcity.selenium.welcome.HelloIT]
16:16:55.847 [main] DEBUG org.springframework.test.context.support.DefaultTestContextBootstrapper - @TestExecutionListeners is not present for class [ vn.com.shensmartcity.selenium.welcome.HelloIT]: using defaults.
16:16:55.847 [main] INFO org.springframework.test.context.support.DefaultTestContextBootstrapper - Loaded default TestExecutionListener class names from location [META-INF/spring.factories]: [org.springframework.test.context.web.ServletTestExecutionListener, org.springframework.test.context.support.DirtiesContextBeforeModesTestExecutionListener, org.springframework.test.context.support.DependencyInjectionTestExecutionListener, org.springframework.test.context.support.DirtiesContextTestExecutionListener, org.springframework.test.context.transaction.TransactionalTestExecutionListener, org.springframework.test.context.jdbc.SqlScriptsTestExecutionListener]
16:16:55.850 [main] DEBUG org.springframework.test.context.support.DefaultTestContextBootstrapper - Skipping candidate TestExecutionListener [org.springframework.test.context.web.ServletTestExecutionListener] due to a missing dependency. Specify custom listener classes or make the default listener classes and their required dependencies available. Offending class: [javax/servlet/ServletContext]
16:16:55.851 [main] INFO org.springframework.test.context.support.DefaultTestContextBootstrapper - Using TestExecutionListeners: [org.springframework.test.context.support.DirtiesContextBeforeModesTestExecutionListener@d35dea7, org.springframework.test.context.support.DependencyInjectionTestExecutionListener@7770f470, org.springframework.test.context.support.DirtiesContextTestExecutionListener@5e5d171f, org.springframework.test.context.transaction.TransactionalTestExecutionListener@24313fcc, org.springframework.test.context.jdbc.SqlScriptsTestExecutionListener@7d20d0b]
16:16:55.853 [main] DEBUG org.springframework.test.annotation.ProfileValueUtils - Retrieved @ProfileValueSourceConfiguration [null] for test class [ vn.com.shensmartcity.selenium.welcome.HelloIT]
16:16:55.854 [main] DEBUG org.springframework.test.annotation.ProfileValueUtils - Retrieved ProfileValueSource type [class org.springframework.test.annotation.SystemProfileValueSource] for class [ vn.com.shensmartcity.selenium.welcome.HelloIT]
16:16:55.855 [main] DEBUG org.springframework.test.annotation.ProfileValueUtils - Retrieved @ProfileValueSourceConfiguration [null] for test class [ vn.com.shensmartcity.selenium.welcome.HelloIT]
16:16:55.856 [main] DEBUG org.springframework.test.annotation.ProfileValueUtils - Retrieved ProfileValueSource type [class org.springframework.test.annotation.SystemProfileValueSource] for class [ vn.com.shensmartcity.selenium.welcome.HelloIT]
16:16:55.859 [main] DEBUG org.springframework.test.annotation.ProfileValueUtils - Retrieved @ProfileValueSourceConfiguration [null] for test class [ vn.com.shensmartcity.selenium.welcome.HelloIT]
16:16:55.859 [main] DEBUG org.springframework.test.annotation.ProfileValueUtils - Retrieved ProfileValueSource type [class org.springframework.test.annotation.SystemProfileValueSource] for class [ vn.com.shensmartcity.selenium.welcome.HelloIT]
16:16:55.869 [main] DEBUG org.springframework.test.context.support.AbstractDirtiesContextTestExecutionListener - Before test class: context [DefaultTestContext@69453e37 testClass = HelloIT, testInstance = [null], testMethod = [null], testException = [null], mergedContextConfiguration = [MergedContextConfiguration@6f4a47c7 testClass = HelloIT, locations = '{classpath:META-INF/spring/seleniumContext.xml}', classes = '{}', contextInitializerClasses = '[]', activeProfiles = '{}', propertySourceLocations = '{}', propertySourceProperties = '{}', contextCustomizers = set[[empty]], contextLoader = 'org.springframework.test.context.support.DelegatingSmartContextLoader', parent = [null]], attributes = map[[empty]]], class annotated with @DirtiesContext [false] with mode [null].
16:16:55.872 [main] DEBUG org.springframework.test.annotation.ProfileValueUtils - Retrieved @ProfileValueSourceConfiguration [null] for test class [ vn.com.shensmartcity.selenium.welcome.HelloIT]
16:16:55.872 [main] DEBUG org.springframework.test.annotation.ProfileValueUtils - Retrieved ProfileValueSource type [class org.springframework.test.annotation.SystemProfileValueSource] for class [ vn.com.shensmartcity.selenium.welcome.HelloIT]
]]></system-out>
  </testcase>
</testsuite>